<?xml version="1.0" encoding="UTF-8"?>
<testng-results ignored="0" total="1" passed="1" failed="0" skipped="0">
  <reporter-output>
  </reporter-output>
  <suite started-at="2022-06-16T16:45:14 IST" name="Default suite" finished-at="2022-06-16T16:47:18 IST" duration-ms="123642">
    <groups>
    </groups>
    <test started-at="2022-06-16T16:45:14 IST" name="Default test" finished-at="2022-06-16T16:47:18 IST" duration-ms="123642">
      <class name="Testcases.LoginApplication">
        <test-method signature="Login()[pri:0, instance:Testcases.LoginApplication@4e268090]" started-at="2022-06-16T16:45:14 IST" name="Login" finished-at="2022-06-16T16:47:18 IST" duration-ms="123449" status="PASS">
          <reporter-output>
          </reporter-output>
        </test-method> <!-- Login -->
      </class> <!-- Testcases.LoginApplication -->
    </test> <!-- Default test -->
  </suite> <!-- Default suite -->
</testng-results>
